<?xml version="1.0" encoding="UTF-8"?>
<testng-results ignored="0" total="5" passed="5" failed="0" skipped="0">
  <reporter-output>
  </reporter-output>
  <suite started-at="2025-04-22T00:04:18 PDT" name="Default suite" finished-at="2025-04-22T00:04:24 PDT" duration-ms="6131">
    <groups>
    </groups>
    <test started-at="2025-04-22T00:04:18 PDT" name="Default test" finished-at="2025-04-22T00:04:24 PDT" duration-ms="6131">
      <class name="mavenTest.mavenTest.AppTest">
        <test-method is-config="true" signature="mySetup()[pri:0, instance:mavenTest.mavenTest.AppTest@23fb172e]" started-at="2025-04-22T00:04:18 PDT" name="mySetup" finished-at="2025-04-22T00:04:19 PDT" duration-ms="1438" status="PASS">
          <reporter-output>
          </reporter-output>
        </test-method> <!-- mySetup -->
        <test-method signature="login()[pri:1, instance:mavenTest.mavenTest.AppTest@23fb172e]" started-at="2025-04-22T00:04:19 PDT" name="login" finished-at="2025-04-22T00:04:20 PDT" duration-ms="452" status="PASS">
          <reporter-output>
          </reporter-output>
        </test-method> <!-- login -->
        <test-method signature="addItemToThecart()[pri:2, instance:mavenTest.mavenTest.AppTest@23fb172e]" started-at="2025-04-22T00:04:20 PDT" name="addItemToThecart" finished-at="2025-04-22T00:04:20 PDT" duration-ms="102" status="PASS">
          <reporter-output>
          </reporter-output>
        </test-method> <!-- addItemToThecart -->
        <test-method signature="removeItemFromTheCart()[pri:3, instance:mavenTest.mavenTest.AppTest@23fb172e]" started-at="2025-04-22T00:04:20 PDT" name="removeItemFromTheCart" finished-at="2025-04-22T00:04:20 PDT" duration-ms="125" status="PASS">
          <reporter-output>
          </reporter-output>
        </test-method> <!-- removeItemFromTheCart -->
        <test-method signature="Task()[pri:4, instance:mavenTest.mavenTest.AppTest@23fb172e]" started-at="2025-04-22T00:04:20 PDT" name="Task" finished-at="2025-04-22T00:04:20 PDT" duration-ms="133" status="PASS">
          <reporter-output>
          </reporter-output>
        </test-method> <!-- Task -->
        <test-method signature="Logout()[pri:5, instance:mavenTest.mavenTest.AppTest@23fb172e]" started-at="2025-04-22T00:04:20 PDT" name="Logout" finished-at="2025-04-22T00:04:22 PDT" duration-ms="2339" status="PASS">
          <reporter-output>
          </reporter-output>
        </test-method> <!-- Logout -->
        <test-method is-config="true" signature="myAfterTest()[pri:0, instance:mavenTest.mavenTest.AppTest@23fb172e]" started-at="2025-04-22T00:04:22 PDT" name="myAfterTest" finished-at="2025-04-22T00:04:24 PDT" duration-ms="1456" status="PASS">
          <reporter-output>
          </reporter-output>
        </test-method> <!-- myAfterTest -->
      </class> <!-- mavenTest.mavenTest.AppTest -->
    </test> <!-- Default test -->
  </suite> <!-- Default suite -->
</testng-results>
